<?xml version="1.0" encoding="UTF-8"?>
<robot generator="Robot 5.0 (Python 3.10.4 on win32)" generated="20220525 15:00:39.555" rpa="false" schemaversion="3">
<suite id="s1" name="TC1" source="C:\Users\NISHITA-PC\PycharmProjects\RobotFramework\RobotFramework\TC1.robot">
<test id="s1-t1" name="Login with InValid Credentials" line="11">
<kw name="Open Browser" library="SeleniumLibrary">
<arg>${Login_url}[1]</arg>
<arg>chrome</arg>
<doc>Opens a new browser instance to the optional ``url``.</doc>
<msg timestamp="20220525 15:00:39.828" level="INFO">Opening browser 'chrome' to base url 'https://op-web2.omniparcel.com/'.</msg>
<status status="PASS" starttime="20220525 15:00:39.828" endtime="20220525 15:00:53.931"/>
</kw>
<kw name="Maximize Browser Window" library="SeleniumLibrary">
<doc>Maximizes current browser window.</doc>
<status status="PASS" starttime="20220525 15:00:53.931" endtime="20220525 15:00:54.051"/>
</kw>
<kw name="LoginToApplaication" library="Omniparcelkeywords">
<arg>vikas@omniparcel.com</arg>
<arg>Vikas@1234</arg>
<kw name="Input Text" library="SeleniumLibrary">
<arg>id:UserName</arg>
<arg>${Username}</arg>
<doc>Types the given ``text`` into the text field identified by ``locator``.</doc>
<msg timestamp="20220525 15:00:54.053" level="INFO">Typing text 'vikas@omniparcel.com' into text field 'id:UserName'.</msg>
<status status="PASS" starttime="20220525 15:00:54.052" endtime="20220525 15:00:54.138"/>
</kw>
<kw name="Input Text" library="SeleniumLibrary">
<arg>id:Password</arg>
<arg>${Password}</arg>
<doc>Types the given ``text`` into the text field identified by ``locator``.</doc>
<msg timestamp="20220525 15:00:54.139" level="INFO">Typing text 'Vikas@1234' into text field 'id:Password'.</msg>
<status status="PASS" starttime="20220525 15:00:54.138" endtime="20220525 15:00:54.220"/>
</kw>
<kw name="Click Element" library="SeleniumLibrary">
<arg>xpath://button[@class='btn btn-lg btn-primary btn-block btn-signin']</arg>
<doc>Click the element identified by ``locator``.</doc>
<msg timestamp="20220525 15:00:54.220" level="INFO">Clicking element 'xpath://button[@class='btn btn-lg btn-primary btn-block btn-signin']'.</msg>
<status status="PASS" starttime="20220525 15:00:54.220" endtime="20220525 15:00:54.575"/>
</kw>
<status status="PASS" starttime="20220525 15:00:54.052" endtime="20220525 15:00:54.575"/>
</kw>
<kw name="Page Should Contain" library="SeleniumLibrary">
<arg>Login was unsuccessful</arg>
<doc>Verifies that current page contains ``text``.</doc>
<msg timestamp="20220525 15:00:54.593" level="INFO">Current page contains text 'Login was unsuccessful'.</msg>
<status status="PASS" starttime="20220525 15:00:54.576" endtime="20220525 15:00:54.594"/>
</kw>
<status status="PASS" starttime="20220525 15:00:39.827" endtime="20220525 15:00:54.594"/>
</test>
<test id="s1-t2" name="Login with Valid Credentials" line="17">
<kw name="LoginToApplaication" library="Omniparcelkeywords">
<arg>vikas@omniparcel.com</arg>
<arg>Vikas@123</arg>
<kw name="Input Text" library="SeleniumLibrary">
<arg>id:UserName</arg>
<arg>${Username}</arg>
<doc>Types the given ``text`` into the text field identified by ``locator``.</doc>
<msg timestamp="20220525 15:00:54.596" level="INFO">Typing text 'vikas@omniparcel.com' into text field 'id:UserName'.</msg>
<status status="PASS" starttime="20220525 15:00:54.596" endtime="20220525 15:00:54.675"/>
</kw>
<kw name="Input Text" library="SeleniumLibrary">
<arg>id:Password</arg>
<arg>${Password}</arg>
<doc>Types the given ``text`` into the text field identified by ``locator``.</doc>
<msg timestamp="20220525 15:00:54.675" level="INFO">Typing text 'Vikas@123' into text field 'id:Password'.</msg>
<status status="PASS" starttime="20220525 15:00:54.675" endtime="20220525 15:00:54.743"/>
</kw>
<kw name="Click Element" library="SeleniumLibrary">
<arg>xpath://button[@class='btn btn-lg btn-primary btn-block btn-signin']</arg>
<doc>Click the element identified by ``locator``.</doc>
<msg timestamp="20220525 15:00:54.743" level="INFO">Clicking element 'xpath://button[@class='btn btn-lg btn-primary btn-block btn-signin']'.</msg>
<status status="PASS" starttime="20220525 15:00:54.743" endtime="20220525 15:00:56.571"/>
</kw>
<status status="PASS" starttime="20220525 15:00:54.595" endtime="20220525 15:00:56.571"/>
</kw>
<kw name="Page Should Contain" library="SeleniumLibrary">
<arg>Outbound &amp; Export</arg>
<doc>Verifies that current page contains ``text``.</doc>
<msg timestamp="20220525 15:00:56.590" level="INFO">Current page contains text 'Outbound &amp; Export'.</msg>
<status status="PASS" starttime="20220525 15:00:56.572" endtime="20220525 15:00:56.590"/>
</kw>
<status status="PASS" starttime="20220525 15:00:54.595" endtime="20220525 15:00:56.591"/>
</test>
<test id="s1-t3" name="Verify User can be Swiched" line="21">
<kw name="SwichedTousername" library="Omniparcelkeywords">
<kw name="Input Text" library="SeleniumLibrary">
<arg>iD:search-switch-site</arg>
<arg>Omni Test</arg>
<doc>Types the given ``text`` into the text field identified by ``locator``.</doc>
<msg timestamp="20220525 15:00:56.592" level="INFO">Typing text 'Omni Test' into text field 'iD:search-switch-site'.</msg>
<status status="PASS" starttime="20220525 15:00:56.592" endtime="20220525 15:00:56.686"/>
</kw>
<kw name="Sleep" library="BuiltIn">
<arg>1</arg>
<doc>Pauses the test executed for the given time.</doc>
<msg timestamp="20220525 15:00:57.698" level="INFO">Slept 1 second</msg>
<status status="PASS" starttime="20220525 15:00:56.686" endtime="20220525 15:00:57.698"/>
</kw>
<kw name="Press Keys" library="SeleniumLibrary">
<arg>iD:search-switch-site</arg>
<arg>BACKSPACE</arg>
<doc>Simulates the user pressing key(s) to an element or on the active browser.</doc>
<msg timestamp="20220525 15:00:57.700" level="INFO">Sending key(s) ('BACKSPACE',) to iD:search-switch-site element.</msg>
<msg timestamp="20220525 15:00:58.019" level="INFO">Pressing special key BACKSPACE to element.</msg>
<msg timestamp="20220525 15:00:58.020" level="INFO">Releasing special key BACKSPACE.</msg>
<status status="PASS" starttime="20220525 15:00:57.699" endtime="20220525 15:00:58.036"/>
</kw>
<kw name="Sleep" library="BuiltIn">
<arg>1</arg>
<doc>Pauses the test executed for the given time.</doc>
<msg timestamp="20220525 15:00:59.039" level="INFO">Slept 1 second</msg>
<status status="PASS" starttime="20220525 15:00:58.036" endtime="20220525 15:00:59.039"/>
</kw>
<kw name="Click Element" library="SeleniumLibrary">
<arg>xpath:/html/body/div[1]/div[2]/div[1]/span/form/span/ul</arg>
<doc>Click the element identified by ``locator``.</doc>
<msg timestamp="20220525 15:00:59.039" level="INFO">Clicking element 'xpath:/html/body/div[1]/div[2]/div[1]/span/form/span/ul'.</msg>
<status status="PASS" starttime="20220525 15:00:59.039" endtime="20220525 15:01:00.414"/>
</kw>
<kw name="Sleep" library="BuiltIn">
<arg>1</arg>
<doc>Pauses the test executed for the given time.</doc>
<msg timestamp="20220525 15:01:01.429" level="INFO">Slept 1 second</msg>
<status status="PASS" starttime="20220525 15:01:00.414" endtime="20220525 15:01:01.429"/>
</kw>
<status status="PASS" starttime="20220525 15:00:56.592" endtime="20220525 15:01:01.429"/>
</kw>
<kw name="Forloopforswitchuser" library="Omniparcelkeywords">
<for flavor="IN RANGE">
<var>${i}</var>
<value>4</value>
<iter>
<var name="${i}">0</var>
<kw name="Get Text" library="SeleniumLibrary">
<var>${selusername}</var>
<arg>xpath:/html/body/div[1]/div[1]/div/div[2]/div/a/span[1]/small</arg>
<doc>Returns the text value of the element identified by ``locator``.</doc>
<msg timestamp="20220525 15:01:01.452" level="INFO">${selusername} = Omni Test,</msg>
<status status="PASS" starttime="20220525 15:01:01.430" endtime="20220525 15:01:01.452"/>
</kw>
<kw name="Log To Console" library="BuiltIn">
<arg>\n\n====================\n ${selusername}</arg>
<doc>Logs the given message to the console.</doc>
<status status="PASS" starttime="20220525 15:01:01.452" endtime="20220525 15:01:01.453"/>
</kw>
<kw name="Log To Console" library="BuiltIn">
<arg>====================\n</arg>
<doc>Logs the given message to the console.</doc>
<status status="PASS" starttime="20220525 15:01:01.453" endtime="20220525 15:01:01.453"/>
</kw>
<if>
<branch type="IF" condition="'${actusername}' == '${selusername}'">
<kw name="Log To Console" library="BuiltIn">
<arg>\n\n====================\n Switched User Successfully \n====================</arg>
<doc>Logs the given message to the console.</doc>
<status status="PASS" starttime="20220525 15:01:01.453" endtime="20220525 15:01:01.454"/>
</kw>
<kw name="Exit For Loop If" library="BuiltIn">
<arg>'${actusername}' == '${selusername}'</arg>
<doc>Stops executing the enclosing FOR loop if the ``condition`` is true.</doc>
<msg timestamp="20220525 15:01:01.454" level="INFO">Exiting for loop altogether.</msg>
<status status="PASS" starttime="20220525 15:01:01.454" endtime="20220525 15:01:01.455"/>
</kw>
<status status="PASS" starttime="20220525 15:01:01.453" endtime="20220525 15:01:01.455"/>
</branch>
<branch type="ELSE">
<kw name="SwichedTousername" library="Omniparcelkeywords">
<status status="NOT RUN" starttime="20220525 15:01:01.455" endtime="20220525 15:01:01.455"/>
</kw>
<status status="NOT RUN" starttime="20220525 15:01:01.455" endtime="20220525 15:01:01.455"/>
</branch>
<status status="PASS" starttime="20220525 15:01:01.453" endtime="20220525 15:01:01.455"/>
</if>
<status status="PASS" starttime="20220525 15:01:01.430" endtime="20220525 15:01:01.455"/>
</iter>
<status status="PASS" starttime="20220525 15:01:01.430" endtime="20220525 15:01:01.455"/>
</for>
<status status="PASS" starttime="20220525 15:01:01.430" endtime="20220525 15:01:01.455"/>
</kw>
<kw name="User Switched Successfully" library="Omniparcelkeywords">
<kw name="Get Text" library="SeleniumLibrary">
<var>${selusername_1}</var>
<arg>xpath:/html/body/div[1]/div[1]/div/div[2]/div/a/span[1]/small</arg>
<doc>Returns the text value of the element identified by ``locator``.</doc>
<msg timestamp="20220525 15:01:01.469" level="INFO">${selusername_1} = Omni Test,</msg>
<status status="PASS" starttime="20220525 15:01:01.456" endtime="20220525 15:01:01.469"/>
</kw>
<kw name="Log To Console" library="BuiltIn">
<arg>\n\n====================\n ${selusername_1}</arg>
<doc>Logs the given message to the console.</doc>
<status status="PASS" starttime="20220525 15:01:01.469" endtime="20220525 15:01:01.470"/>
</kw>
<kw name="Log To Console" library="BuiltIn">
<arg>====================\n</arg>
<doc>Logs the given message to the console.</doc>
<status status="PASS" starttime="20220525 15:01:01.470" endtime="20220525 15:01:01.470"/>
</kw>
<if>
<branch type="IF" condition="'${actusername}' != '${selusername_1}'">
<kw name="Log To Console" library="BuiltIn">
<arg>\n\n====================\n Run Again Your User can't Switched Omni Parcel Master Account to Omni Test</arg>
<doc>Logs the given message to the console.</doc>
<status status="NOT RUN" starttime="20220525 15:01:01.470" endtime="20220525 15:01:01.470"/>
</kw>
<kw name="Log To Console" library="BuiltIn">
<arg>====================\n</arg>
<doc>Logs the given message to the console.</doc>
<status status="NOT RUN" starttime="20220525 15:01:01.470" endtime="20220525 15:01:01.470"/>
</kw>
<kw name="Close Browser" library="SeleniumLibrary">
<doc>Closes the current browser.</doc>
<status status="NOT RUN" starttime="20220525 15:01:01.471" endtime="20220525 15:01:01.471"/>
</kw>
<status status="NOT RUN" starttime="20220525 15:01:01.470" endtime="20220525 15:01:01.471"/>
</branch>
<status status="PASS" starttime="20220525 15:01:01.470" endtime="20220525 15:01:01.471"/>
</if>
<status status="PASS" starttime="20220525 15:01:01.456" endtime="20220525 15:01:01.471"/>
</kw>
<status status="PASS" starttime="20220525 15:00:56.592" endtime="20220525 15:01:01.471"/>
</test>
<test id="s1-t4" name="Create Outbound &amp; Export" line="25">
<kw name="FillReceiverandPackages" library="Omniparcelkeywords">
<kw name="Select From List By Label" library="SeleniumLibrary">
<arg>xpath://select[@id='Destination_CountryCode']</arg>
<arg>NEW ZEALAND</arg>
<doc>Selects options from selection list ``locator`` by ``labels``.</doc>
<msg timestamp="20220525 15:01:01.473" level="INFO">Selecting options from selection list 'xpath://select[@id='Destination_CountryCode']' by label NEW ZEALAND.</msg>
<status status="PASS" starttime="20220525 15:01:01.473" endtime="20220525 15:01:01.552"/>
</kw>
<kw name="Input Text" library="SeleniumLibrary">
<arg>id:Destination_Name</arg>
<arg>test</arg>
<doc>Types the given ``text`` into the text field identified by ``locator``.</doc>
<msg timestamp="20220525 15:01:01.553" level="INFO">Typing text 'test' into text field 'id:Destination_Name'.</msg>
<status status="PASS" starttime="20220525 15:01:01.552" endtime="20220525 15:01:01.673"/>
</kw>
<kw name="Sleep" library="BuiltIn">
<arg>1</arg>
<doc>Pauses the test executed for the given time.</doc>
<msg timestamp="20220525 15:01:02.687" level="INFO">Slept 1 second</msg>
<status status="PASS" starttime="20220525 15:01:01.673" endtime="20220525 15:01:02.687"/>
</kw>
<kw name="Press Keys" library="SeleniumLibrary">
<arg>id:Destination_Name</arg>
<arg>ENTER</arg>
<doc>Simulates the user pressing key(s) to an element or on the active browser.</doc>
<msg timestamp="20220525 15:01:02.687" level="INFO">Sending key(s) ('ENTER',) to id:Destination_Name element.</msg>
<msg timestamp="20220525 15:01:02.961" level="INFO">Pressing special key ENTER to element.</msg>
<msg timestamp="20220525 15:01:02.961" level="INFO">Releasing special key ENTER.</msg>
<status status="PASS" starttime="20220525 15:01:02.687" endtime="20220525 15:01:02.970"/>
</kw>
<kw name="Sleep" library="BuiltIn">
<arg>1</arg>
<doc>Pauses the test executed for the given time.</doc>
<msg timestamp="20220525 15:01:03.977" level="INFO">Slept 1 second</msg>
<status status="PASS" starttime="20220525 15:01:02.970" endtime="20220525 15:01:03.977"/>
</kw>
<kw name="Input Text" library="SeleniumLibrary">
<arg>id:stock_length_1</arg>
<arg>1</arg>
<doc>Types the given ``text`` into the text field identified by ``locator``.</doc>
<msg timestamp="20220525 15:01:03.978" level="INFO">Typing text '1' into text field 'id:stock_length_1'.</msg>
<status status="PASS" starttime="20220525 15:01:03.978" endtime="20220525 15:01:04.145"/>
</kw>
<kw name="Input Text" library="SeleniumLibrary">
<arg>id:stock_width_1</arg>
<arg>1</arg>
<doc>Types the given ``text`` into the text field identified by ``locator``.</doc>
<msg timestamp="20220525 15:01:04.146" level="INFO">Typing text '1' into text field 'id:stock_width_1'.</msg>
<status status="PASS" starttime="20220525 15:01:04.145" endtime="20220525 15:01:04.234"/>
</kw>
<kw name="Input Text" library="SeleniumLibrary">
<arg>id:stock_height_1</arg>
<arg>1</arg>
<doc>Types the given ``text`` into the text field identified by ``locator``.</doc>
<msg timestamp="20220525 15:01:04.234" level="INFO">Typing text '1' into text field 'id:stock_height_1'.</msg>
<status status="PASS" starttime="20220525 15:01:04.234" endtime="20220525 15:01:04.323"/>
</kw>
<kw name="Input Text" library="SeleniumLibrary">
<arg>id:stock_kg_1</arg>
<arg>1</arg>
<doc>Types the given ``text`` into the text field identified by ``locator``.</doc>
<msg timestamp="20220525 15:01:04.324" level="INFO">Typing text '1' into text field 'id:stock_kg_1'.</msg>
<status status="PASS" starttime="20220525 15:01:04.323" endtime="20220525 15:01:04.410"/>
</kw>
<kw name="Sleep" library="BuiltIn">
<arg>1</arg>
<doc>Pauses the test executed for the given time.</doc>
<msg timestamp="20220525 15:01:05.411" level="INFO">Slept 1 second</msg>
<status status="PASS" starttime="20220525 15:01:04.410" endtime="20220525 15:01:05.411"/>
</kw>
<kw name="Input Text" library="SeleniumLibrary">
<arg>id:commo_ItemSKU_0</arg>
<arg>NZ00012</arg>
<doc>Types the given ``text`` into the text field identified by ``locator``.</doc>
<msg timestamp="20220525 15:01:05.412" level="INFO">Typing text 'NZ00012' into text field 'id:commo_ItemSKU_0'.</msg>
<status status="PASS" starttime="20220525 15:01:05.412" endtime="20220525 15:01:05.561"/>
</kw>
<kw name="Press Keys" library="SeleniumLibrary">
<arg>id:commo_kg_0</arg>
<arg>CONTROL+A</arg>
<doc>Simulates the user pressing key(s) to an element or on the active browser.</doc>
<msg timestamp="20220525 15:01:05.562" level="INFO">Sending key(s) ('CONTROL+A',) to id:commo_kg_0 element.</msg>
<msg timestamp="20220525 15:01:05.880" level="INFO">Pressing special key CONTROL down.</msg>
<msg timestamp="20220525 15:01:05.881" level="INFO">Sending key A</msg>
<msg timestamp="20220525 15:01:05.881" level="INFO">Releasing special key CONTROL.</msg>
<status status="PASS" starttime="20220525 15:01:05.562" endtime="20220525 15:01:05.891"/>
</kw>
<kw name="Press Keys" library="SeleniumLibrary">
<arg>id:commo_kg_0</arg>
<arg>DELETE</arg>
<doc>Simulates the user pressing key(s) to an element or on the active browser.</doc>
<msg timestamp="20220525 15:01:05.892" level="INFO">Sending key(s) ('DELETE',) to id:commo_kg_0 element.</msg>
<msg timestamp="20220525 15:01:06.183" level="INFO">Pressing special key DELETE to element.</msg>
<msg timestamp="20220525 15:01:06.183" level="INFO">Releasing special key DELETE.</msg>
<status status="PASS" starttime="20220525 15:01:05.891" endtime="20220525 15:01:06.192"/>
</kw>
<kw name="Sleep" library="BuiltIn">
<arg>1</arg>
<doc>Pauses the test executed for the given time.</doc>
<msg timestamp="20220525 15:01:07.204" level="INFO">Slept 1 second</msg>
<status status="PASS" starttime="20220525 15:01:06.192" endtime="20220525 15:01:07.204"/>
</kw>
<kw name="Input Text" library="SeleniumLibrary">
<arg>id:commo_kg_0</arg>
<arg>10</arg>
<doc>Types the given ``text`` into the text field identified by ``locator``.</doc>
<msg timestamp="20220525 15:01:07.205" level="INFO">Typing text '10' into text field 'id:commo_kg_0'.</msg>
<status status="PASS" starttime="20220525 15:01:07.205" endtime="20220525 15:01:07.327"/>
</kw>
<kw name="Input Text" library="SeleniumLibrary">
<arg>id:commo_units_0</arg>
<arg>5</arg>
<doc>Types the given ``text`` into the text field identified by ``locator``.</doc>
<msg timestamp="20220525 15:01:07.328" level="INFO">Typing text '5' into text field 'id:commo_units_0'.</msg>
<status status="PASS" starttime="20220525 15:01:07.327" endtime="20220525 15:01:07.404"/>
</kw>
<kw name="Input Text" library="SeleniumLibrary">
<arg>id:commo_price_0</arg>
<arg>100</arg>
<doc>Types the given ``text`` into the text field identified by ``locator``.</doc>
<msg timestamp="20220525 15:01:07.405" level="INFO">Typing text '100' into text field 'id:commo_price_0'.</msg>
<status status="PASS" starttime="20220525 15:01:07.404" endtime="20220525 15:01:07.495"/>
</kw>
<kw name="Sleep" library="BuiltIn">
<arg>1</arg>
<doc>Pauses the test executed for the given time.</doc>
<msg timestamp="20220525 15:01:08.496" level="INFO">Slept 1 second</msg>
<status status="PASS" starttime="20220525 15:01:07.495" endtime="20220525 15:01:08.496"/>
</kw>
<kw name="Scroll Element Into View" library="SeleniumLibrary">
<arg>id:btncalculate</arg>
<doc>Scrolls the element identified by ``locator`` into view.</doc>
<status status="PASS" starttime="20220525 15:01:08.497" endtime="20220525 15:01:08.809"/>
</kw>
<kw name="Click Element" library="SeleniumLibrary">
<arg>id:btncalculate</arg>
<doc>Click the element identified by ``locator``.</doc>
<msg timestamp="20220525 15:01:08.810" level="INFO">Clicking element 'id:btncalculate'.</msg>
<status status="PASS" starttime="20220525 15:01:08.809" endtime="20220525 15:01:08.916"/>
</kw>
<kw name="Sleep" library="BuiltIn">
<arg>3</arg>
<doc>Pauses the test executed for the given time.</doc>
<msg timestamp="20220525 15:01:11.921" level="INFO">Slept 3 seconds</msg>
<status status="PASS" starttime="20220525 15:01:08.917" endtime="20220525 15:01:11.921"/>
</kw>
<kw name="Scroll Element Into View" library="SeleniumLibrary">
<arg>xpath://tbody/tr[1]/td[2]/button[1]</arg>
<doc>Scrolls the element identified by ``locator`` into view.</doc>
<status status="PASS" starttime="20220525 15:01:11.922" endtime="20220525 15:01:12.250"/>
</kw>
<kw name="Sleep" library="BuiltIn">
<arg>2</arg>
<doc>Pauses the test executed for the given time.</doc>
<msg timestamp="20220525 15:01:14.259" level="INFO">Slept 2 seconds</msg>
<status status="PASS" starttime="20220525 15:01:12.250" endtime="20220525 15:01:14.259"/>
</kw>
<kw name="Click Element" library="SeleniumLibrary">
<arg>xpath://tbody[@id='tblrates-body']/tr[1]//button[@class='btn btn-primary']</arg>
<doc>Click the element identified by ``locator``.</doc>
<msg timestamp="20220525 15:01:14.260" level="INFO">Clicking element 'xpath://tbody[@id='tblrates-body']/tr[1]//button[@class='btn btn-primary']'.</msg>
<status status="PASS" starttime="20220525 15:01:14.260" endtime="20220525 15:01:14.376"/>
</kw>
<kw name="Sleep" library="BuiltIn">
<arg>5</arg>
<doc>Pauses the test executed for the given time.</doc>
<msg timestamp="20220525 15:01:19.392" level="INFO">Slept 5 seconds</msg>
<status status="PASS" starttime="20220525 15:01:14.377" endtime="20220525 15:01:19.392"/>
</kw>
<status status="PASS" starttime="20220525 15:01:01.473" endtime="20220525 15:01:19.393"/>
</kw>
<kw name="Copy Cannot Number" library="Omniparcelkeywords">
<try>
<branch type="TRY">
<kw name="Get Text" library="SeleniumLibrary">
<var>${connoteno}</var>
<arg>xpath://*[@id="wrap"]/div[2]/div[2]/a</arg>
<doc>Returns the text value of the element identified by ``locator``.</doc>
<kw name="Capture Page Screenshot" library="SeleniumLibrary">
<doc>Takes a screenshot of the current page and embeds it into a log file.</doc>
<msg timestamp="20220525 15:01:19.606" level="INFO" html="true">&lt;/td&gt;&lt;/tr&gt;&lt;tr&gt;&lt;td colspan="3"&gt;&lt;a href="selenium-screenshot-3.png"&gt;&lt;img src="selenium-screenshot-3.png" width="800px"&gt;&lt;/a&gt;</msg>
<status status="PASS" starttime="20220525 15:01:19.436" endtime="20220525 15:01:19.606"/>
</kw>
<msg timestamp="20220525 15:01:19.606" level="FAIL">Element with locator 'xpath://*[@id="wrap"]/div[2]/div[2]/a' not found.</msg>
<status status="FAIL" starttime="20220525 15:01:19.396" endtime="20220525 15:01:19.609"/>
</kw>
<kw name="Fetch From Right" library="String">
<var>${connoteno1}</var>
<arg>${connoteno}</arg>
<arg>C</arg>
<doc>Returns contents of the ``string`` after the last occurrence of ``marker``.</doc>
<status status="NOT RUN" starttime="20220525 15:01:19.610" endtime="20220525 15:01:19.610"/>
</kw>
<kw name="Log To Console" library="BuiltIn">
<arg>\n\n====================\n CONNOTE NO.....0 IS :- \n ${connoteno}</arg>
<doc>Logs the given message to the console.</doc>
<status status="NOT RUN" starttime="20220525 15:01:19.610" endtime="20220525 15:01:19.610"/>
</kw>
<kw name="Log To Console" library="BuiltIn">
<arg>====================\n</arg>
<doc>Logs the given message to the console.</doc>
<status status="NOT RUN" starttime="20220525 15:01:19.610" endtime="20220525 15:01:19.610"/>
</kw>
<kw name="Append To List" library="Collections">
<arg>${cpyconnotenumber}</arg>
<arg>${connoteno}</arg>
<doc>Adds ``values`` to the end of ``list``.</doc>
<status status="NOT RUN" starttime="20220525 15:01:19.610" endtime="20220525 15:01:19.610"/>
</kw>
<kw name="Log To Console" library="BuiltIn">
<arg>\n\n====================\n ${cpyconnotenumber}</arg>
<doc>Logs the given message to the console.</doc>
<status status="NOT RUN" starttime="20220525 15:01:19.610" endtime="20220525 15:01:19.610"/>
</kw>
<kw name="Log To Console" library="BuiltIn">
<arg>====================\n</arg>
<doc>Logs the given message to the console.</doc>
<status status="NOT RUN" starttime="20220525 15:01:19.611" endtime="20220525 15:01:19.611"/>
</kw>
<status status="FAIL" starttime="20220525 15:01:19.395" endtime="20220525 15:01:19.611"/>
</branch>
<branch type="EXCEPT">
<kw name="Log To Console" library="BuiltIn">
<arg>\n\n====================\n Try Next time...... \n====================\n</arg>
<doc>Logs the given message to the console.</doc>
<status status="PASS" starttime="20220525 15:01:19.611" endtime="20220525 15:01:19.611"/>
</kw>
<status status="PASS" starttime="20220525 15:01:19.611" endtime="20220525 15:01:19.611"/>
</branch>
<status status="PASS" starttime="20220525 15:01:19.395" endtime="20220525 15:01:19.611"/>
</try>
<status status="PASS" starttime="20220525 15:01:19.394" endtime="20220525 15:01:19.612"/>
</kw>
<status status="PASS" starttime="20220525 15:01:01.472" endtime="20220525 15:01:19.612"/>
</test>
<test id="s1-t5" name="Get Manifest for Shipment" line="28">
<kw name="Reprint &amp; Manifests" library="Omniparcelkeywords">
<kw name="Click Element" library="SeleniumLibrary">
<arg>xpath://a[.='Reprint &amp; Manifests']</arg>
<doc>Click the element identified by ``locator``.</doc>
<msg timestamp="20220525 15:01:19.614" level="INFO">Clicking element 'xpath://a[.='Reprint &amp; Manifests']'.</msg>
<status status="PASS" starttime="20220525 15:01:19.614" endtime="20220525 15:01:20.868"/>
</kw>
<kw name="Sleep" library="BuiltIn">
<arg>15</arg>
<doc>Pauses the test executed for the given time.</doc>
<msg timestamp="20220525 15:01:35.868" level="INFO">Slept 15 seconds</msg>
<status status="PASS" starttime="20220525 15:01:20.868" endtime="20220525 15:01:35.868"/>
</kw>
<kw name="Get Length" library="BuiltIn">
<var>${length}</var>
<arg>${cpyconnotenumber}</arg>
<doc>Returns and logs the length of the given item as an integer.</doc>
<msg timestamp="20220525 15:01:35.868" level="INFO">Length is 0</msg>
<msg timestamp="20220525 15:01:35.868" level="INFO">${length} = 0</msg>
<status status="PASS" starttime="20220525 15:01:35.868" endtime="20220525 15:01:35.868"/>
</kw>
<kw name="Run Keyword If" library="BuiltIn">
<arg>${length} == 0</arg>
<arg>Copy Cannot Number</arg>
<arg>ELSE</arg>
<arg>Log To Console</arg>
<arg>\n\n====================\n Number copy successfully...1 \n====================\n</arg>
<doc>Runs the given keyword with the given arguments, if ``condition`` is true.</doc>
<kw name="Copy Cannot Number" library="Omniparcelkeywords">
<try>
<branch type="TRY">
<kw name="Get Text" library="SeleniumLibrary">
<var>${connoteno}</var>
<arg>xpath://*[@id="wrap"]/div[2]/div[2]/a</arg>
<doc>Returns the text value of the element identified by ``locator``.</doc>
<kw name="Capture Page Screenshot" library="SeleniumLibrary">
<doc>Takes a screenshot of the current page and embeds it into a log file.</doc>
<msg timestamp="20220525 15:01:36.007" level="INFO" html="true">&lt;/td&gt;&lt;/tr&gt;&lt;tr&gt;&lt;td colspan="3"&gt;&lt;a href="selenium-screenshot-4.png"&gt;&lt;img src="selenium-screenshot-4.png" width="800px"&gt;&lt;/a&gt;</msg>
<status status="PASS" starttime="20220525 15:01:35.882" endtime="20220525 15:01:36.007"/>
</kw>
<msg timestamp="20220525 15:01:36.007" level="FAIL">Element with locator 'xpath://*[@id="wrap"]/div[2]/div[2]/a' not found.</msg>
<status status="FAIL" starttime="20220525 15:01:35.869" endtime="20220525 15:01:36.008"/>
</kw>
<kw name="Fetch From Right" library="String">
<var>${connoteno1}</var>
<arg>${connoteno}</arg>
<arg>C</arg>
<doc>Returns contents of the ``string`` after the last occurrence of ``marker``.</doc>
<status status="NOT RUN" starttime="20220525 15:01:36.008" endtime="20220525 15:01:36.008"/>
</kw>
<kw name="Log To Console" library="BuiltIn">
<arg>\n\n====================\n CONNOTE NO.....0 IS :- \n ${connoteno}</arg>
<doc>Logs the given message to the console.</doc>
<status status="NOT RUN" starttime="20220525 15:01:36.008" endtime="20220525 15:01:36.008"/>
</kw>
<kw name="Log To Console" library="BuiltIn">
<arg>====================\n</arg>
<doc>Logs the given message to the console.</doc>
<status status="NOT RUN" starttime="20220525 15:01:36.009" endtime="20220525 15:01:36.009"/>
</kw>
<kw name="Append To List" library="Collections">
<arg>${cpyconnotenumber}</arg>
<arg>${connoteno}</arg>
<doc>Adds ``values`` to the end of ``list``.</doc>
<status status="NOT RUN" starttime="20220525 15:01:36.009" endtime="20220525 15:01:36.009"/>
</kw>
<kw name="Log To Console" library="BuiltIn">
<arg>\n\n====================\n ${cpyconnotenumber}</arg>
<doc>Logs the given message to the console.</doc>
<status status="NOT RUN" starttime="20220525 15:01:36.009" endtime="20220525 15:01:36.009"/>
</kw>
<kw name="Log To Console" library="BuiltIn">
<arg>====================\n</arg>
<doc>Logs the given message to the console.</doc>
<status status="NOT RUN" starttime="20220525 15:01:36.009" endtime="20220525 15:01:36.009"/>
</kw>
<status status="FAIL" starttime="20220525 15:01:35.869" endtime="20220525 15:01:36.009"/>
</branch>
<branch type="EXCEPT">
<kw name="Log To Console" library="BuiltIn">
<arg>\n\n====================\n Try Next time...... \n====================\n</arg>
<doc>Logs the given message to the console.</doc>
<status status="PASS" starttime="20220525 15:01:36.009" endtime="20220525 15:01:36.010"/>
</kw>
<status status="PASS" starttime="20220525 15:01:36.009" endtime="20220525 15:01:36.010"/>
</branch>
<status status="PASS" starttime="20220525 15:01:35.869" endtime="20220525 15:01:36.010"/>
</try>
<status status="PASS" starttime="20220525 15:01:35.869" endtime="20220525 15:01:36.010"/>
</kw>
<status status="PASS" starttime="20220525 15:01:35.869" endtime="20220525 15:01:36.010"/>
</kw>
<kw name="Sleep" library="BuiltIn">
<arg>2</arg>
<doc>Pauses the test executed for the given time.</doc>
<msg timestamp="20220525 15:01:38.022" level="INFO">Slept 2 seconds</msg>
<status status="PASS" starttime="20220525 15:01:36.010" endtime="20220525 15:01:38.022"/>
</kw>
<kw name="Click Element" library="SeleniumLibrary">
<arg>id:filter</arg>
<doc>Click the element identified by ``locator``.</doc>
<msg timestamp="20220525 15:01:38.023" level="INFO">Clicking element 'id:filter'.</msg>
<kw name="Capture Page Screenshot" library="SeleniumLibrary">
<doc>Takes a screenshot of the current page and embeds it into a log file.</doc>
<msg timestamp="20220525 15:01:38.187" level="INFO" html="true">&lt;/td&gt;&lt;/tr&gt;&lt;tr&gt;&lt;td colspan="3"&gt;&lt;a href="selenium-screenshot-5.png"&gt;&lt;img src="selenium-screenshot-5.png" width="800px"&gt;&lt;/a&gt;</msg>
<status status="PASS" starttime="20220525 15:01:38.056" endtime="20220525 15:01:38.187"/>
</kw>
<msg timestamp="20220525 15:01:38.187" level="FAIL">Element with locator 'id:filter' not found.</msg>
<status status="FAIL" starttime="20220525 15:01:38.023" endtime="20220525 15:01:38.188"/>
</kw>
<kw name="Sleep" library="BuiltIn">
<arg>1</arg>
<doc>Pauses the test executed for the given time.</doc>
<status status="NOT RUN" starttime="20220525 15:01:38.188" endtime="20220525 15:01:38.188"/>
</kw>
<kw name="Select From List By Value" library="SeleniumLibrary">
<arg>css:#filter</arg>
<arg>876|0</arg>
<doc>Selects options from selection list ``locator`` by ``values``.</doc>
<status status="NOT RUN" starttime="20220525 15:01:38.188" endtime="20220525 15:01:38.188"/>
</kw>
<kw name="Sleep" library="BuiltIn">
<arg>1</arg>
<doc>Pauses the test executed for the given time.</doc>
<status status="NOT RUN" starttime="20220525 15:01:38.188" endtime="20220525 15:01:38.188"/>
</kw>
<kw name="Get Length" library="BuiltIn">
<var>${length}</var>
<arg>${cpyconnotenumber}</arg>
<doc>Returns and logs the length of the given item as an integer.</doc>
<status status="NOT RUN" starttime="20220525 15:01:38.189" endtime="20220525 15:01:38.189"/>
</kw>
<kw name="Run Keyword If" library="BuiltIn">
<arg>${length} == 0</arg>
<arg>Copy Cannot Number</arg>
<arg>ELSE</arg>
<arg>Log To Console</arg>
<arg>\n\n====================\n Number copy successfully...2 \n====================\n</arg>
<doc>Runs the given keyword with the given arguments, if ``condition`` is true.</doc>
<status status="NOT RUN" starttime="20220525 15:01:38.189" endtime="20220525 15:01:38.189"/>
</kw>
<kw name="Sleep" library="BuiltIn">
<arg>1</arg>
<doc>Pauses the test executed for the given time.</doc>
<status status="NOT RUN" starttime="20220525 15:01:38.189" endtime="20220525 15:01:38.189"/>
</kw>
<kw name="Get Length" library="BuiltIn">
<var>${length}</var>
<arg>${cpyconnotenumber}</arg>
<doc>Returns and logs the length of the given item as an integer.</doc>
<status status="NOT RUN" starttime="20220525 15:01:38.189" endtime="20220525 15:01:38.189"/>
</kw>
<if>
<branch type="IF" condition="${length} == 0">
<kw name="Get Text" library="SeleniumLibrary">
<var>${conno}</var>
<arg>xpath:/html/body/div[1]/div[2]/div[2]/div[1]/form[2]/div/div/table/tbody/tr[1]/td[2]</arg>
<doc>Returns the text value of the element identified by ``locator``.</doc>
<status status="NOT RUN" starttime="20220525 15:01:38.189" endtime="20220525 15:01:38.189"/>
</kw>
<kw name="Fetch From Right" library="String">
<var>${Conno1}</var>
<arg>${conno}</arg>
<arg>C</arg>
<doc>Returns contents of the ``string`` after the last occurrence of ``marker``.</doc>
<status status="NOT RUN" starttime="20220525 15:01:38.189" endtime="20220525 15:01:38.189"/>
</kw>
<kw name="Log To Console" library="BuiltIn">
<arg>\n\n====================\n CONNOTE NO.....1 IS :- \n ${conno}</arg>
<doc>Logs the given message to the console.</doc>
<status status="NOT RUN" starttime="20220525 15:01:38.190" endtime="20220525 15:01:38.190"/>
</kw>
<kw name="Log To Console" library="BuiltIn">
<arg>====================\n</arg>
<doc>Logs the given message to the console.</doc>
<status status="NOT RUN" starttime="20220525 15:01:38.190" endtime="20220525 15:01:38.190"/>
</kw>
<kw name="Append To List" library="Collections">
<arg>${cpyconnotenumber}</arg>
<arg>${conno}</arg>
<doc>Adds ``values`` to the end of ``list``.</doc>
<status status="NOT RUN" starttime="20220525 15:01:38.190" endtime="20220525 15:01:38.190"/>
</kw>
<kw name="Log To Console" library="BuiltIn">
<arg>\n\n====================\n ${cpyconnotenumber}</arg>
<doc>Logs the given message to the console.</doc>
<status status="NOT RUN" starttime="20220525 15:01:38.190" endtime="20220525 15:01:38.190"/>
</kw>
<kw name="Log To Console" library="BuiltIn">
<arg>====================\n</arg>
<doc>Logs the given message to the console.</doc>
<status status="NOT RUN" starttime="20220525 15:01:38.190" endtime="20220525 15:01:38.190"/>
</kw>
<status status="NOT RUN" starttime="20220525 15:01:38.189" endtime="20220525 15:01:38.190"/>
</branch>
<branch type="ELSE">
<kw name="Log To Console" library="BuiltIn">
<arg>\n\n====================\n Number copy successfully...3 \n====================\n</arg>
<doc>Logs the given message to the console.</doc>
<status status="NOT RUN" starttime="20220525 15:01:38.191" endtime="20220525 15:01:38.191"/>
</kw>
<status status="NOT RUN" starttime="20220525 15:01:38.190" endtime="20220525 15:01:38.191"/>
</branch>
<status status="NOT RUN" starttime="20220525 15:01:38.189" endtime="20220525 15:01:38.191"/>
</if>
<kw name="Select Checkbox" library="SeleniumLibrary">
<arg>css:[value='${cpyconnotenumber}[0]']</arg>
<doc>Selects the checkbox identified by ``locator``.</doc>
<status status="NOT RUN" starttime="20220525 15:01:38.191" endtime="20220525 15:01:38.191"/>
</kw>
<kw name="Scroll Element Into View" library="SeleniumLibrary">
<arg>id:btnsendmanifest</arg>
<doc>Scrolls the element identified by ``locator`` into view.</doc>
<status status="NOT RUN" starttime="20220525 15:01:38.191" endtime="20220525 15:01:38.191"/>
</kw>
<kw name="Click Element" library="SeleniumLibrary">
<arg>id:btnsendmanifest</arg>
<doc>Click the element identified by ``locator``.</doc>
<status status="NOT RUN" starttime="20220525 15:01:38.191" endtime="20220525 15:01:38.191"/>
</kw>
<status status="FAIL" starttime="20220525 15:01:19.614" endtime="20220525 15:01:38.191"/>
</kw>
<status status="FAIL" starttime="20220525 15:01:19.613" endtime="20220525 15:01:38.193">Element with locator 'id:filter' not found.</status>
</test>
<test id="s1-t6" name="Fetch Shipment Report" line="30">
<kw name="Open Browser" library="SeleniumLibrary">
<arg>${Shipingurlweb1}[1]</arg>
<arg>chrome</arg>
<doc>Opens a new browser instance to the optional ``url``.</doc>
<msg timestamp="20220525 15:01:38.196" level="INFO">Opening browser 'chrome' to base url 'https://op-web2.omniparcel.com/ShipmentReport'.</msg>
<status status="PASS" starttime="20220525 15:01:38.195" endtime="20220525 15:01:48.467"/>
</kw>
<kw name="Maximize Browser Window" library="SeleniumLibrary">
<doc>Maximizes current browser window.</doc>
<status status="PASS" starttime="20220525 15:01:48.468" endtime="20220525 15:01:48.592"/>
</kw>
<kw name="LoginToApplaication" library="Omniparcelkeywords">
<arg>vikas@omniparcel.com</arg>
<arg>Vikas@123</arg>
<kw name="Input Text" library="SeleniumLibrary">
<arg>id:UserName</arg>
<arg>${Username}</arg>
<doc>Types the given ``text`` into the text field identified by ``locator``.</doc>
<msg timestamp="20220525 15:01:48.594" level="INFO">Typing text 'vikas@omniparcel.com' into text field 'id:UserName'.</msg>
<status status="PASS" starttime="20220525 15:01:48.593" endtime="20220525 15:01:48.680"/>
</kw>
<kw name="Input Text" library="SeleniumLibrary">
<arg>id:Password</arg>
<arg>${Password}</arg>
<doc>Types the given ``text`` into the text field identified by ``locator``.</doc>
<msg timestamp="20220525 15:01:48.680" level="INFO">Typing text 'Vikas@123' into text field 'id:Password'.</msg>
<status status="PASS" starttime="20220525 15:01:48.680" endtime="20220525 15:01:48.763"/>
</kw>
<kw name="Click Element" library="SeleniumLibrary">
<arg>xpath://button[@class='btn btn-lg btn-primary btn-block btn-signin']</arg>
<doc>Click the element identified by ``locator``.</doc>
<msg timestamp="20220525 15:01:48.764" level="INFO">Clicking element 'xpath://button[@class='btn btn-lg btn-primary btn-block btn-signin']'.</msg>
<status status="PASS" starttime="20220525 15:01:48.764" endtime="20220525 15:01:49.769"/>
</kw>
<status status="PASS" starttime="20220525 15:01:48.593" endtime="20220525 15:01:49.769"/>
</kw>
<kw name="SwichedTousername" library="Omniparcelkeywords">
<kw name="Input Text" library="SeleniumLibrary">
<arg>iD:search-switch-site</arg>
<arg>Omni Test</arg>
<doc>Types the given ``text`` into the text field identified by ``locator``.</doc>
<msg timestamp="20220525 15:01:49.770" level="INFO">Typing text 'Omni Test' into text field 'iD:search-switch-site'.</msg>
<status status="PASS" starttime="20220525 15:01:49.770" endtime="20220525 15:01:49.864"/>
</kw>
<kw name="Sleep" library="BuiltIn">
<arg>1</arg>
<doc>Pauses the test executed for the given time.</doc>
<msg timestamp="20220525 15:01:50.875" level="INFO">Slept 1 second</msg>
<status status="PASS" starttime="20220525 15:01:49.864" endtime="20220525 15:01:50.875"/>
</kw>
<kw name="Press Keys" library="SeleniumLibrary">
<arg>iD:search-switch-site</arg>
<arg>BACKSPACE</arg>
<doc>Simulates the user pressing key(s) to an element or on the active browser.</doc>
<msg timestamp="20220525 15:01:50.877" level="INFO">Sending key(s) ('BACKSPACE',) to iD:search-switch-site element.</msg>
<msg timestamp="20220525 15:01:51.210" level="INFO">Pressing special key BACKSPACE to element.</msg>
<msg timestamp="20220525 15:01:51.210" level="INFO">Releasing special key BACKSPACE.</msg>
<status status="PASS" starttime="20220525 15:01:50.876" endtime="20220525 15:01:51.225"/>
</kw>
<kw name="Sleep" library="BuiltIn">
<arg>1</arg>
<doc>Pauses the test executed for the given time.</doc>
<msg timestamp="20220525 15:01:52.228" level="INFO">Slept 1 second</msg>
<status status="PASS" starttime="20220525 15:01:51.226" endtime="20220525 15:01:52.228"/>
</kw>
<kw name="Click Element" library="SeleniumLibrary">
<arg>xpath:/html/body/div[1]/div[2]/div[1]/span/form/span/ul</arg>
<doc>Click the element identified by ``locator``.</doc>
<msg timestamp="20220525 15:01:52.228" level="INFO">Clicking element 'xpath:/html/body/div[1]/div[2]/div[1]/span/form/span/ul'.</msg>
<status status="PASS" starttime="20220525 15:01:52.228" endtime="20220525 15:01:52.915"/>
</kw>
<kw name="Sleep" library="BuiltIn">
<arg>1</arg>
<doc>Pauses the test executed for the given time.</doc>
